<?xml version="1.0"?>
<!DOCTYPE coverage SYSTEM "http://cobertura.sourceforge.net/xml/coverage-04.dtd">
<coverage line-rate="0.1721468536828390" branch-rate="1.0000000000000000" lines-covered="2246" lines-valid="13047" branches-covered="0" branches-valid="0" complexity="0.0" timestamp="1450132871" version="Slather 1.8.1">
  <sources>
    <source>/Users/hudson/build/workspace/bento-ios-jbtest/Bento/lib</source>
  </sources>
  <packages>
    <package name="BentoLib" line-rate="0.2702702702702703" branch-rate="1.0000000000000000" complexity="0.0">
      <classes>
        <class name="KeychainItemWrapper.m" filename="BentoLib/KeychainItemWrapper.m" line-rate="0.8224852071005917" branch-rate="1.0000000000000000" complexity="0.0">
          <methods/>
          <lines>
            <line number="93" branch="false" hits="18"/>
            <line number="94" branch="false" hits="18"/>
            <line number="95" branch="false" hits="18"/>
            <line number="96" branch="false" hits="18"/>
            <line number="97" branch="false" hits="18"/>
            <line number="98" branch="false" hits="18"/>
            <line number="99" branch="false" hits="18"/>
            <line number="100" branch="false" hits="18"/>
            <line number="101" branch="false" hits="18"/>
            <line number="102" branch="false" hits="18"/>
            <line number="103" branch="false" hits="18"/>
            <line number="104" branch="false" hits="18"/>
            <line number="105" branch="false" hits="16"/>
            <line number="106" branch="false" hits="16"/>
            <line number="107" branch="false" hits="16"/>
            <line number="108" branch="false" hits="16"/>
            <line number="109" branch="false" hits="16"/>
            <line number="110" branch="false" hits="16"/>
            <line number="111" branch="false" hits="16"/>
            <line number="112" branch="false" hits="16"/>
            <line number="113" branch="false" hits="16"/>
            <line number="114" branch="false" hits="16"/>
            <line number="115" branch="false" hits="16"/>
            <line number="118" branch="false" hits="16"/>
            <line number="119" branch="false" hits="18"/>
            <line number="120" branch="false" hits="18"/>
            <line number="121" branch="false" hits="18"/>
            <line number="122" branch="false" hits="18"/>
            <line number="123" branch="false" hits="18"/>
            <line number="124" branch="false" hits="18"/>
            <line number="125" branch="false" hits="10"/>
            <line number="126" branch="false" hits="10"/>
            <line number="127" branch="false" hits="10"/>
            <line number="128" branch="false" hits="10"/>
            <line number="129" branch="false" hits="10"/>
            <line number="130" branch="false" hits="10"/>
            <line number="131" branch="false" hits="8"/>
            <line number="132" branch="false" hits="8"/>
            <line number="133" branch="false" hits="8"/>
            <line number="134" branch="false" hits="8"/>
            <line number="135" branch="false" hits="8"/>
            <line number="136" branch="false" hits="8"/>
            <line number="137" branch="false" hits="8"/>
            <line number="138" branch="false" hits="8"/>
            <line number="139" branch="false" hits="8"/>
            <line number="140" branch="false" hits="8"/>
            <line number="141" branch="false" hits="8"/>
            <line number="144" branch="false" hits="8"/>
            <line number="145" branch="false" hits="10"/>
            <line number="146" branch="false" hits="18"/>
            <line number="147" branch="false" hits="8"/>
            <line number="148" branch="false" hits="8"/>
            <line number="149" branch="false" hits="8"/>
            <line number="150" branch="false" hits="8"/>
            <line number="151" branch="false" hits="18"/>
            <line number="152" branch="false" hits="18"/>
            <line number="153" branch="false" hits="18"/>
            <line number="154" branch="false" hits="18"/>
            <line number="157" branch="false" hits="4"/>
            <line number="158" branch="false" hits="4"/>
            <line number="159" branch="false" hits="4"/>
            <line number="160" branch="false" hits="4"/>
            <line number="161" branch="false" hits="4"/>
            <line number="162" branch="false" hits="4"/>
            <line number="163" branch="false" hits="4"/>
            <line number="164" branch="false" hits="4"/>
            <line number="165" branch="false" hits="4"/>
            <line number="168" branch="false" hits="10"/>
            <line number="169" branch="false" hits="10"/>
            <line number="170" branch="false" hits="10"/>
            <line number="173" branch="false" hits="14"/>
            <line number="174" branch="false" hits="14"/>
            <line number="175" branch="false" hits="14"/>
            <line number="176" branch="false" hits="10"/>
            <line number="177" branch="false" hits="10"/>
            <line number="178" branch="false" hits="10"/>
            <line number="179" branch="false" hits="4"/>
            <line number="180" branch="false" hits="4"/>
            <line number="181" branch="false" hits="4"/>
            <line number="182" branch="false" hits="4"/>
            <line number="183" branch="false" hits="4"/>
            <line number="184" branch="false" hits="4"/>
            <line number="185" branch="false" hits="14"/>
            <line number="186" branch="false" hits="14"/>
            <line number="187" branch="false" hits="14"/>
            <line number="188" branch="false" hits="14"/>
            <line number="189" branch="false" hits="14"/>
            <line number="190" branch="false" hits="14"/>
            <line number="191" branch="false" hits="14"/>
            <line number="194" branch="false" hits="8"/>
            <line number="195" branch="false" hits="8"/>
            <line number="196" branch="false" hits="8"/>
            <line number="197" branch="false" hits="8"/>
            <line number="198" branch="false" hits="8"/>
            <line number="199" branch="false" hits="8"/>
            <line number="200" branch="false" hits="8"/>
            <line number="201" branch="false" hits="8"/>
            <line number="202" branch="false" hits="8"/>
            <line number="203" branch="false" hits="8"/>
            <line number="204" branch="false" hits="8"/>
            <line number="205" branch="false" hits="8"/>
            <line number="206" branch="false" hits="8"/>
            <line number="209" branch="false" hits="8"/>
            <line number="210" branch="false" hits="8"/>
            <line number="211" branch="false" hits="8"/>
            <line number="212" branch="false" hits="8"/>
            <line number="213" branch="false" hits="8"/>
            <line number="214" branch="false" hits="8"/>
            <line number="215" branch="false" hits="8"/>
            <line number="216" branch="false" hits="8"/>
            <line number="217" branch="false" hits="8"/>
            <line number="218" branch="false" hits="8"/>
            <line number="219" branch="false" hits="8"/>
            <line number="220" branch="false" hits="8"/>
            <line number="221" branch="false" hits="8"/>
            <line number="222" branch="false" hits="8"/>
            <line number="223" branch="false" hits="8"/>
            <line number="224" branch="false" hits="8"/>
            <line number="225" branch="false" hits="8"/>
            <line number="226" branch="false" hits="8"/>
            <line number="227" branch="false" hits="8"/>
            <line number="228" branch="false" hits="8"/>
            <line number="229" branch="false" hits="0"/>
            <line number="230" branch="false" hits="0"/>
            <line number="231" branch="false" hits="0"/>
            <line number="232" branch="false" hits="0"/>
            <line number="233" branch="false" hits="8"/>
            <line number="234" branch="false" hits="8"/>
            <line number="235" branch="false" hits="8"/>
            <line number="236" branch="false" hits="8"/>
            <line number="239" branch="false" hits="4"/>
            <line number="240" branch="false" hits="4"/>
            <line number="241" branch="false" hits="4"/>
            <line number="242" branch="false" hits="4"/>
            <line number="243" branch="false" hits="4"/>
            <line number="244" branch="false" hits="0"/>
            <line number="245" branch="false" hits="0"/>
            <line number="246" branch="false" hits="0"/>
            <line number="247" branch="false" hits="0"/>
            <line number="248" branch="false" hits="0"/>
            <line number="249" branch="false" hits="0"/>
            <line number="250" branch="false" hits="0"/>
            <line number="251" branch="false" hits="0"/>
            <line number="252" branch="false" hits="0"/>
            <line number="253" branch="false" hits="0"/>
            <line number="254" branch="false" hits="0"/>
            <line number="255" branch="false" hits="0"/>
            <line number="256" branch="false" hits="0"/>
            <line number="257" branch="false" hits="0"/>
            <line number="258" branch="false" hits="0"/>
            <line number="259" branch="false" hits="0"/>
            <line number="260" branch="false" hits="0"/>
            <line number="261" branch="false" hits="0"/>
            <line number="262" branch="false" hits="0"/>
            <line number="263" branch="false" hits="0"/>
            <line number="264" branch="false" hits="0"/>
            <line number="265" branch="false" hits="0"/>
            <line number="266" branch="false" hits="0"/>
            <line number="267" branch="false" hits="0"/>
            <line number="268" branch="false" hits="0"/>
            <line number="269" branch="false" hits="0"/>
            <line number="270" branch="false" hits="4"/>
            <line number="271" branch="false" hits="4"/>
            <line number="272" branch="false" hits="4"/>
            <line number="273" branch="false" hits="4"/>
            <line number="274" branch="false" hits="4"/>
            <line number="275" branch="false" hits="4"/>
            <line number="276" branch="false" hits="4"/>
            <line number="277" branch="false" hits="4"/>
          </lines>
        </class>
        <class name="NSString+ViacomMRAID.m" filename="BentoLib/NSString+ViacomMRAID.m" line-rate="0.0000000000000000" branch-rate="1.0000000000000000" complexity="0.0">
          <methods/>
          <lines>
            <line number="13" branch="false" hits="0"/>
            <line number="14" branch="false" hits="0"/>
            <line number="15" branch="false" hits="0"/>
            <line number="16" branch="false" hits="0"/>
            <line number="17" branch="false" hits="0"/>
            <line number="18" branch="false" hits="0"/>
            <line number="19" branch="false" hits="0"/>
            <line number="20" branch="false" hits="0"/>
            <line number="21" branch="false" hits="0"/>
            <line number="22" branch="false" hits="0"/>
            <line number="23" branch="false" hits="0"/>
            <line number="24" branch="false" hits="0"/>
            <line number="25" branch="false" hits="0"/>
            <line number="26" branch="false" hits="0"/>
            <line number="27" branch="false" hits="0"/>
          </lines>
        </class>
        <class name="UIWebView+ViacomMRAID.m" filename="BentoLib/UIWebView+ViacomMRAID.m" line-rate="0.0000000000000000" branch-rate="1.0000000000000000" complexity="0.0">
          <methods/>
          <lines>
            <line number="13" branch="false" hits="0"/>
            <line number="14" branch="false" hits="0"/>
            <line number="15" branch="false" hits="0"/>
            <line number="16" branch="false" hits="0"/>
            <line number="17" branch="false" hits="0"/>
            <line number="18" branch="false" hits="0"/>
            <line number="19" branch="false" hits="0"/>
            <line number="20" branch="false" hits="0"/>
            <line number="21" branch="false" hits="0"/>
            <line number="22" branch="false" hits="0"/>
            <line number="23" branch="false" hits="0"/>
            <line number="24" branch="false" hits="0"/>
            <line number="25" branch="false" hits="0"/>
            <line number="26" branch="false" hits="0"/>
            <line number="27" branch="false" hits="0"/>
            <line number="28" branch="false" hits="0"/>
            <line number="29" branch="false" hits="0"/>
            <line number="30" branch="false" hits="0"/>
            <line number="31" branch="false" hits="0"/>
            <line number="32" branch="false" hits="0"/>
          </lines>
        </class>
        <class name="VMNADBHeartbeatDelegate.m" filename="BentoLib/VMNADBHeartbeatDelegate.m" line-rate="0.0000000000000000" branch-rate="1.0000000000000000" complexity="0.0">
          <methods/>
          <lines>
            <line number="16" branch="false" hits="0"/>
            <line number="17" branch="false" hits="0"/>
            <line number="18" branch="false" hits="0"/>
          </lines>
        </class>
        <class name="VMNADBHeartbeatPlugin.m" filename="BentoLib/VMNADBHeartbeatPlugin.m" line-rate="0.0000000000000000" branch-rate="1.0000000000000000" complexity="0.0">
          <methods/>
          <lines>
            <line number="14" branch="false" hits="0"/>
            <line number="15" branch="false" hits="0"/>
            <line number="16" branch="false" hits="0"/>
          </lines>
        </class>
        <class name="VMNADBMobileAnalytics.m" filename="BentoLib/VMNADBMobileAnalytics.m" line-rate="0.6661786237188873" branch-rate="1.0000000000000000" complexity="0.0">
          <methods/>
          <lines>
            <line number="27" branch="false" hits="1"/>
            <line number="28" branch="false" hits="1"/>
            <line number="29" branch="false" hits="1"/>
            <line number="30" branch="false" hits="1"/>
            <line number="31" branch="false" hits="1"/>
            <line number="32" branch="false" hits="1"/>
            <line number="33" branch="false" hits="1"/>
            <line number="34" branch="false" hits="0"/>
            <line number="35" branch="false" hits="0"/>
            <line number="36" branch="false" hits="0"/>
            <line number="37" branch="false" hits="0"/>
            <line number="38" branch="false" hits="0"/>
            <line number="39" branch="false" hits="0"/>
            <line number="40" branch="false" hits="0"/>
            <line number="41" branch="false" hits="0"/>
            <line number="42" branch="false" hits="0"/>
            <line number="43" branch="false" hits="0"/>
            <line number="44" branch="false" hits="0"/>
            <line number="45" branch="false" hits="0"/>
            <line number="46" branch="false" hits="0"/>
            <line number="47" branch="false" hits="0"/>
            <line number="48" branch="false" hits="0"/>
            <line number="49" branch="false" hits="0"/>
            <line number="50" branch="false" hits="0"/>
            <line number="51" branch="false" hits="0"/>
            <line number="52" branch="false" hits="0"/>
            <line number="53" branch="false" hits="0"/>
            <line number="54" branch="false" hits="0"/>
            <line number="55" branch="false" hits="0"/>
            <line number="56" branch="false" hits="0"/>
            <line number="57" branch="false" hits="0"/>
            <line number="58" branch="false" hits="0"/>
            <line number="59" branch="false" hits="0"/>
            <line number="60" branch="false" hits="0"/>
            <line number="61" branch="false" hits="0"/>
            <line number="62" branch="false" hits="0"/>
            <line number="63" branch="false" hits="0"/>
            <line number="64" branch="false" hits="0"/>
            <line number="65" branch="false" hits="0"/>
            <line number="66" branch="false" hits="1"/>
            <line number="67" branch="false" hits="1"/>
            <line number="68" branch="false" hits="1"/>
            <line number="69" branch="false" hits="1"/>
            <line number="70" branch="false" hits="1"/>
            <line number="71" branch="false" hits="1"/>
            <line number="72" branch="false" hits="1"/>
            <line number="73" branch="false" hits="1"/>
            <line number="74" branch="false" hits="1"/>
            <line number="75" branch="false" hits="1"/>
            <line number="76" branch="false" hits="1"/>
            <line number="77" branch="false" hits="1"/>
            <line number="79" branch="false" hits="8"/>
            <line number="80" branch="false" hits="8"/>
            <line number="81" branch="false" hits="8"/>
            <line number="82" branch="false" hits="8"/>
            <line number="83" branch="false" hits="8"/>
            <line number="84" branch="false" hits="8"/>
            <line number="85" branch="false" hits="8"/>
            <line number="86" branch="false" hits="8"/>
            <line number="87" branch="false" hits="8"/>
            <line number="88" branch="false" hits="8"/>
            <line number="89" branch="false" hits="8"/>
            <line number="90" branch="false" hits="8"/>
            <line number="91" branch="false" hits="8"/>
            <line number="92" branch="false" hits="8"/>
            <line number="93" branch="false" hits="8"/>
            <line number="94" branch="false" hits="8"/>
            <line number="95" branch="false" hits="8"/>
            <line number="96" branch="false" hits="8"/>
            <line number="97" branch="false" hits="8"/>
            <line number="98" branch="false" hits="1"/>
            <line number="99" branch="false" hits="1"/>
            <line number="100" branch="false" hits="8"/>
            <line number="101" branch="false" hits="8"/>
            <line number="102" branch="false" hits="2"/>
            <line number="103" branch="false" hits="2"/>
            <line number="104" branch="false" hits="2"/>
            <line number="105" branch="false" hits="0"/>
            <line number="106" branch="false" hits="0"/>
            <line number="107" branch="false" hits="0"/>
            <line number="108" branch="false" hits="2"/>
            <line number="109" branch="false" hits="8"/>
            <line number="110" branch="false" hits="8"/>
            <line number="111" branch="false" hits="8"/>
            <line number="112" branch="false" hits="8"/>
            <line number="113" branch="false" hits="8"/>
            <line number="114" branch="false" hits="8"/>
            <line number="115" branch="false" hits="8"/>
            <line number="116" branch="false" hits="8"/>
            <line number="117" branch="false" hits="8"/>
            <line number="118" branch="false" hits="8"/>
            <line number="119" branch="false" hits="8"/>
            <line number="120" branch="false" hits="8"/>
            <line number="123" branch="false" hits="0"/>
            <line number="124" branch="false" hits="0"/>
            <line number="125" branch="false" hits="0"/>
            <line number="126" branch="false" hits="0"/>
            <line number="127" branch="false" hits="0"/>
            <line number="128" branch="false" hits="0"/>
            <line number="129" branch="false" hits="0"/>
            <line number="130" branch="false" hits="0"/>
            <line number="131" branch="false" hits="0"/>
            <line number="132" branch="false" hits="0"/>
            <line number="133" branch="false" hits="0"/>
            <line number="134" branch="false" hits="0"/>
            <line number="135" branch="false" hits="0"/>
            <line number="136" branch="false" hits="0"/>
            <line number="137" branch="false" hits="0"/>
            <line number="138" branch="false" hits="0"/>
            <line number="139" branch="false" hits="0"/>
            <line number="140" branch="false" hits="0"/>
            <line number="141" branch="false" hits="0"/>
            <line number="142" branch="false" hits="0"/>
            <line number="143" branch="false" hits="0"/>
            <line number="144" branch="false" hits="0"/>
            <line number="145" branch="false" hits="0"/>
            <line number="146" branch="false" hits="0"/>
            <line number="147" branch="false" hits="0"/>
            <line number="148" branch="false" hits="0"/>
            <line number="149" branch="false" hits="0"/>
            <line number="150" branch="false" hits="0"/>
            <line number="154" branch="false" hits="11"/>
            <line number="155" branch="false" hits="11"/>
            <line number="156" branch="false" hits="11"/>
            <line number="158" branch="false" hits="12"/>
            <line number="159" branch="false" hits="12"/>
            <line number="160" branch="false" hits="12"/>
            <line number="161" branch="false" hits="12"/>
            <line number="162" branch="false" hits="12"/>
            <line number="163" branch="false" hits="12"/>
            <line number="164" branch="false" hits="12"/>
            <line number="165" branch="false" hits="12"/>
            <line number="166" branch="false" hits="0"/>
            <line number="167" branch="false" hits="0"/>
            <line number="168" branch="false" hits="12"/>
            <line number="169" branch="false" hits="12"/>
            <line number="170" branch="false" hits="12"/>
            <line number="171" branch="false" hits="12"/>
            <line number="172" branch="false" hits="12"/>
            <line number="173" branch="false" hits="12"/>
            <line number="174" branch="false" hits="12"/>
            <line number="175" branch="false" hits="12"/>
            <line number="176" branch="false" hits="12"/>
            <line number="177" branch="false" hits="12"/>
            <line number="179" branch="false" hits="1"/>
            <line number="180" branch="false" hits="1"/>
            <line number="181" branch="false" hits="1"/>
            <line number="182" branch="false" hits="1"/>
            <line number="183" branch="false" hits="1"/>
            <line number="184" branch="false" hits="1"/>
            <line number="185" branch="false" hits="1"/>
            <line number="186" branch="false" hits="1"/>
            <line number="187" branch="false" hits="1"/>
            <line number="188" branch="false" hits="1"/>
            <line number="189" branch="false" hits="1"/>
            <line number="190" branch="false" hits="1"/>
            <line number="191" branch="false" hits="1"/>
            <line number="192" branch="false" hits="1"/>
            <line number="193" branch="false" hits="1"/>
            <line number="194" branch="false" hits="1"/>
            <line number="195" branch="false" hits="1"/>
            <line number="196" branch="false" hits="1"/>
            <line number="197" branch="false" hits="1"/>
            <line number="199" branch="false" hits="1"/>
            <line number="200" branch="false" hits="1"/>
            <line number="201" branch="false" hits="1"/>
            <line number="202" branch="false" hits="1"/>
            <line number="203" branch="false" hits="1"/>
            <line number="204" branch="false" hits="1"/>
            <line number="205" branch="false" hits="1"/>
            <line number="206" branch="false" hits="1"/>
            <line number="207" branch="false" hits="1"/>
            <line number="208" branch="false" hits="1"/>
            <line number="209" branch="false" hits="1"/>
            <line number="210" branch="false" hits="0"/>
            <line number="211" branch="false" hits="0"/>
            <line number="212" branch="false" hits="0"/>
            <line number="213" branch="false" hits="0"/>
            <line number="214" branch="false" hits="1"/>
            <line number="215" branch="false" hits="1"/>
            <line number="216" branch="false" hits="1"/>
            <line number="217" branch="false" hits="1"/>
            <line number="218" branch="false" hits="1"/>
            <line number="219" branch="false" hits="1"/>
            <line number="220" branch="false" hits="1"/>
            <line number="221" branch="false" hits="1"/>
            <line number="222" branch="false" hits="1"/>
            <line number="223" branch="false" hits="1"/>
            <line number="224" branch="false" hits="1"/>
            <line number="225" branch="false" hits="1"/>
            <line number="226" branch="false" hits="1"/>
            <line number="227" branch="false" hits="1"/>
            <line number="228" branch="false" hits="1"/>
            <line number="229" branch="false" hits="1"/>
            <line number="230" branch="false" hits="1"/>
            <line number="231" branch="false" hits="1"/>
            <line number="232" branch="false" hits="1"/>
            <line number="233" branch="false" hits="1"/>
            <line number="234" branch="false" hits="1"/>
            <line number="235" branch="false" hits="1"/>
            <line number="239" branch="false" hits="0"/>
            <line number="240" branch="false" hits="0"/>
            <line number="241" branch="false" hits="0"/>
            <line number="242" branch="false" hits="0"/>
            <line number="243" branch="false" hits="0"/>
            <line number="244" branch="false" hits="0"/>
            <line number="245" branch="false" hits="0"/>
            <line number="246" branch="false" hits="0"/>
            <line number="247" branch="false" hits="0"/>
            <line number="248" branch="false" hits="0"/>
            <line number="249" branch="false" hits="0"/>
            <line number="250" branch="false" hits="0"/>
            <line number="251" branch="false" hits="0"/>
            <line number="252" branch="false" hits="0"/>
            <line number="253" branch="false" hits="0"/>
            <line number="254" branch="false" hits="0"/>
            <line number="255" branch="false" hits="0"/>
            <line number="256" branch="false" hits="0"/>
            <line number="257" branch="false" hits="0"/>
            <line number="258" branch="false" hits="0"/>
            <line number="259" branch="false" hits="0"/>
            <line number="260" branch="false" hits="0"/>
            <line number="261" branch="false" hits="0"/>
            <line number="262" branch="false" hits="0"/>
            <line number="263" branch="false" hits="0"/>
            <line number="264" branch="false" hits="0"/>
            <line number="265" branch="false" hits="0"/>
            <line number="266" branch="false" hits="0"/>
            <line number="267" branch="false" hits="0"/>
            <line number="268" branch="false" hits="0"/>
            <line number="269" branch="false" hits="0"/>
            <line number="270" branch="false" hits="0"/>
            <line number="271" branch="false" hits="0"/>
            <line number="272" branch="false" hits="0"/>
            <line number="273" branch="false" hits="0"/>
            <line number="274" branch="false" hits="0"/>
            <line number="276" branch="false" hits="1"/>
            <line number="277" branch="false" hits="1"/>
            <line number="278" branch="false" hits="1"/>
            <line number="279" branch="false" hits="1"/>
            <line number="282" branch="false" hits="1"/>
            <line number="283" branch="false" hits="1"/>
            <line number="284" branch="false" hits="1"/>
            <line number="285" branch="false" hits="1"/>
            <line number="286" branch="false" hits="1"/>
            <line number="287" branch="false" hits="1"/>
            <line number="288" branch="false" hits="1"/>
            <line number="289" branch="false" hits="1"/>
            <line number="290" branch="false" hits="1"/>
            <line number="291" branch="false" hits="1"/>
            <line number="292" branch="false" hits="1"/>
            <line number="293" branch="false" hits="1"/>
            <line number="294" branch="false" hits="1"/>
            <line number="295" branch="false" hits="1"/>
            <line number="296" branch="false" hits="1"/>
            <line number="297" branch="false" hits="1"/>
            <line number="298" branch="false" hits="1"/>
            <line number="299" branch="false" hits="1"/>
            <line number="300" branch="false" hits="1"/>
            <line number="301" branch="false" hits="1"/>
            <line number="302" branch="false" hits="1"/>
            <line number="303" branch="false" hits="1"/>
            <line number="305" branch="false" hits="2"/>
            <line number="306" branch="false" hits="2"/>
            <line number="307" branch="false" hits="2"/>
            <line number="308" branch="false" hits="2"/>
            <line number="309" branch="false" hits="2"/>
            <line number="310" branch="false" hits="2"/>
            <line number="311" branch="false" hits="2"/>
            <line number="312" branch="false" hits="2"/>
            <line number="313" branch="false" hits="2"/>
            <line number="314" branch="false" hits="2"/>
            <line number="315" branch="false" hits="2"/>
            <line number="316" branch="false" hits="2"/>
            <line number="317" branch="false" hits="1"/>
            <line number="318" branch="false" hits="1"/>
            <line number="319" branch="false" hits="1"/>
            <line number="320" branch="false" hits="1"/>
            <line number="321" branch="false" hits="1"/>
            <line number="322" branch="false" hits="1"/>
            <line number="323" branch="false" hits="1"/>
            <line number="324" branch="false" hits="1"/>
            <line number="325" branch="false" hits="1"/>
            <line number="326" branch="false" hits="1"/>
            <line number="327" branch="false" hits="1"/>
            <line number="328" branch="false" hits="1"/>
            <line number="329" branch="false" hits="1"/>
            <line number="330" branch="false" hits="1"/>
            <line number="331" branch="false" hits="1"/>
            <line number="332" branch="false" hits="1"/>
            <line number="333" branch="false" hits="1"/>
            <line number="334" branch="false" hits="1"/>
            <line number="335" branch="false" hits="1"/>
            <line number="336" branch="false" hits="2"/>
            <line number="337" branch="false" hits="2"/>
            <line number="338" branch="false" hits="2"/>
            <line number="339" branch="false" hits="2"/>
            <line number="340" branch="false" hits="1"/>
            <line number="341" branch="false" hits="1"/>
            <line number="342" branch="false" hits="1"/>
            <line number="343" branch="false" hits="1"/>
            <line number="344" branch="false" hits="1"/>
            <line number="345" branch="false" hits="1"/>
            <line number="346" branch="false" hits="1"/>
            <line number="347" branch="false" hits="2"/>
            <line number="348" branch="false" hits="2"/>
            <line number="349" branch="false" hits="2"/>
            <line number="350" branch="false" hits="2"/>
            <line number="352" branch="false" hits="1"/>
            <line number="353" branch="false" hits="1"/>
            <line number="354" branch="false" hits="1"/>
            <line number="355" branch="false" hits="1"/>
            <line number="356" branch="false" hits="1"/>
            <line number="357" branch="false" hits="1"/>
            <line number="358" branch="false" hits="1"/>
            <line number="359" branch="false" hits="1"/>
            <line number="360" branch="false" hits="1"/>
            <line number="361" branch="false" hits="1"/>
            <line number="362" branch="false" hits="1"/>
            <line number="363" branch="false" hits="1"/>
            <line number="364" branch="false" hits="1"/>
            <line number="365" branch="false" hits="1"/>
            <line number="366" branch="false" hits="1"/>
            <line number="367" branch="false" hits="1"/>
            <line number="368" branch="false" hits="1"/>
            <line number="369" branch="false" hits="1"/>
            <line number="370" branch="false" hits="1"/>
            <line number="371" branch="false" hits="1"/>
            <line number="372" branch="false" hits="1"/>
            <line number="373" branch="false" hits="0"/>
            <line number="374" branch="false" hits="0"/>
            <line number="375" branch="false" hits="0"/>
            <line number="376" branch="false" hits="0"/>
            <line number="377" branch="false" hits="1"/>
            <line number="378" branch="false" hits="0"/>
            <line number="379" branch="false" hits="0"/>
            <line number="380" branch="false" hits="0"/>
            <line number="381" branch="false" hits="0"/>
            <line number="382" branch="false" hits="0"/>
            <line number="383" branch="false" hits="0"/>
            <line number="384" branch="false" hits="1"/>
            <line number="385" branch="false" hits="1"/>
            <line number="386" branch="false" hits="1"/>
            <line number="387" branch="false" hits="1"/>
            <line number="388" branch="false" hits="1"/>
            <line number="389" branch="false" hits="1"/>
            <line number="390" branch="false" hits="1"/>
            <line number="391" branch="false" hits="1"/>
            <line number="392" branch="false" hits="1"/>
            <line number="393" branch="false" hits="1"/>
            <line number="394" branch="false" hits="1"/>
            <line number="395" branch="false" hits="1"/>
            <line number="396" branch="false" hits="1"/>
            <line number="397" branch="false" hits="1"/>
            <line number="398" branch="false" hits="1"/>
            <line number="399" branch="false" hits="1"/>
            <line number="400" branch="false" hits="1"/>
            <line number="402" branch="false" hits="0"/>
            <line number="403" branch="false" hits="0"/>
            <line number="404" branch="false" hits="0"/>
            <line number="410" branch="false" hits="1"/>
            <line number="411" branch="false" hits="1"/>
            <line number="412" branch="false" hits="1"/>
            <line number="413" branch="false" hits="1"/>
            <line number="414" branch="false" hits="1"/>
            <line number="415" branch="false" hits="1"/>
            <line number="416" branch="false" hits="1"/>
            <line number="417" branch="false" hits="1"/>
            <line number="418" branch="false" hits="1"/>
            <line number="419" branch="false" hits="1"/>
            <line number="420" branch="false" hits="1"/>
            <line number="421" branch="false" hits="1"/>
            <line number="422" branch="false" hits="1"/>
            <line number="423" branch="false" hits="1"/>
            <line number="424" branch="false" hits="1"/>
            <line number="425" branch="false" hits="1"/>
            <line number="426" branch="false" hits="1"/>
            <line number="427" branch="false" hits="1"/>
            <line number="428" branch="false" hits="1"/>
            <line number="429" branch="false" hits="1"/>
            <line number="430" branch="false" hits="1"/>
            <line number="431" branch="false" hits="1"/>
            <line number="432" branch="false" hits="1"/>
            <line number="433" branch="false" hits="1"/>
            <line number="434" branch="false" hits="1"/>
            <line number="435" branch="false" hits="1"/>
            <line number="436" branch="false" hits="1"/>
            <line number="437" branch="false" hits="1"/>
            <line number="438" branch="false" hits="1"/>
            <line number="439" branch="false" hits="1"/>
            <line number="440" branch="false" hits="1"/>
            <line number="441" branch="false" hits="1"/>
            <line number="442" branch="false" hits="1"/>
            <line number="443" branch="false" hits="1"/>
            <line number="444" branch="false" hits="1"/>
            <line number="445" branch="false" hits="1"/>
            <line number="446" branch="false" hits="1"/>
            <line number="447" branch="false" hits="1"/>
            <line number="449" branch="false" hits="1"/>
            <line number="450" branch="false" hits="1"/>
            <line number="451" branch="false" hits="1"/>
            <line number="452" branch="false" hits="1"/>
            <line number="453" branch="false" hits="1"/>
            <line number="454" branch="false" hits="1"/>
            <line number="455" branch="false" hits="1"/>
            <line number="456" branch="false" hits="1"/>
            <line number="458" branch="false" hits="0"/>
            <line number="459" branch="false" hits="0"/>
            <line number="460" branch="false" hits="0"/>
            <line number="461" branch="false" hits="0"/>
            <line number="462" branch="false" hits="0"/>
            <line number="463" branch="false" hits="0"/>
            <line number="464" branch="false" hits="0"/>
            <line number="465" branch="false" hits="0"/>
            <line number="466" branch="false" hits="0"/>
            <line number="467" branch="false" hits="0"/>
            <line number="468" branch="false" hits="0"/>
            <line number="469" branch="false" hits="0"/>
            <line number="470" branch="false" hits="0"/>
            <line number="471" branch="false" hits="0"/>
            <line number="472" branch="false" hits="0"/>
            <line number="473" branch="false" hits="0"/>
            <line number="474" branch="false" hits="0"/>
            <line number="475" branch="false" hits="0"/>
            <line number="476" branch="false" hits="0"/>
            <line number="477" branch="false" hits="0"/>
            <line number="478" branch="false" hits="0"/>
            <line number="479" branch="false" hits="0"/>
            <line number="480" branch="false" hits="0"/>
            <line number="481" branch="false" hits="0"/>
            <line number="482" branch="false" hits="0"/>
            <line number="483" branch="false" hits="0"/>
            <line number="484" branch="false" hits="0"/>
            <line number="485" branch="false" hits="0"/>
            <line number="486" branch="false" hits="0"/>
            <line number="487" branch="false" hits="0"/>
            <line number="488" branch="false" hits="0"/>
            <line number="489" branch="false" hits="0"/>
            <line number="490" branch="false" hits="0"/>
            <line number="491" branch="false" hits="0"/>
            <line number="492" branch="false" hits="0"/>
            <line number="493" branch="false" hits="0"/>
            <line number="494" branch="false" hits="0"/>
            <line number="495" branch="false" hits="0"/>
            <line number="496" branch="false" hits="0"/>
            <line number="497" branch="false" hits="0"/>
            <line number="498" branch="false" hits="0"/>
            <line number="500" branch="false" hits="1"/>
            <line number="501" branch="false" hits="1"/>
            <line number="502" branch="false" hits="1"/>
            <line number="503" branch="false" hits="1"/>
            <line number="504" branch="false" hits="1"/>
            <line number="505" branch="false" hits="1"/>
            <line number="506" branch="false" hits="1"/>
            <line number="507" branch="false" hits="1"/>
            <line number="508" branch="false" hits="1"/>
            <line number="509" branch="false" hits="1"/>
            <line number="510" branch="false" hits="1"/>
            <line number="511" branch="false" hits="1"/>
            <line number="512" branch="false" hits="1"/>
            <line number="513" branch="false" hits="1"/>
            <line number="514" branch="false" hits="1"/>
            <line number="515" branch="false" hits="1"/>
            <line number="516" branch="false" hits="1"/>
            <line number="517" branch="false" hits="1"/>
            <line number="518" branch="false" hits="1"/>
            <line number="519" branch="false" hits="1"/>
            <line number="520" branch="false" hits="1"/>
            <line number="521" branch="false" hits="1"/>
            <line number="522" branch="false" hits="1"/>
            <line number="523" branch="false" hits="1"/>
            <line number="524" branch="false" hits="1"/>
            <line number="525" branch="false" hits="1"/>
            <line number="526" branch="false" hits="1"/>
            <line number="527" branch="false" hits="1"/>
            <line number="528" branch="false" hits="1"/>
            <line number="529" branch="false" hits="1"/>
            <line number="530" branch="false" hits="1"/>
            <line number="531" branch="false" hits="1"/>
            <line number="533" branch="false" hits="1"/>
            <line number="534" branch="false" hits="1"/>
            <line number="535" branch="false" hits="1"/>
            <line number="536" branch="false" hits="1"/>
            <line number="537" branch="false" hits="1"/>
            <line number="538" branch="false" hits="1"/>
            <line number="539" branch="false" hits="1"/>
            <line number="540" branch="false" hits="1"/>
            <line number="541" branch="false" hits="1"/>
            <line number="542" branch="false" hits="1"/>
            <line number="543" branch="false" hits="1"/>
            <line number="544" branch="false" hits="1"/>
            <line number="545" branch="false" hits="1"/>
            <line number="546" branch="false" hits="1"/>
            <line number="547" branch="false" hits="1"/>
            <line number="548" branch="false" hits="1"/>
            <line number="549" branch="false" hits="1"/>
            <line number="550" branch="false" hits="1"/>
            <line number="551" branch="false" hits="1"/>
            <line number="552" branch="false" hits="1"/>
            <line number="553" branch="false" hits="1"/>
            <line number="554" branch="false" hits="1"/>
            <line number="555" branch="false" hits="1"/>
            <line number="556" branch="false" hits="1"/>
            <line number="557" branch="false" hits="1"/>
            <line number="558" branch="false" hits="1"/>
            <line number="559" branch="false" hits="1"/>
            <line number="560" branch="false" hits="1"/>
            <line number="561" branch="false" hits="1"/>
            <line number="562" branch="false" hits="1"/>
            <line number="563" branch="false" hits="1"/>
            <line number="564" branch="false" hits="1"/>
            <line number="576" branch="false" hits="1"/>
            <line number="577" branch="false" hits="1"/>
            <line number="578" branch="false" hits="1"/>
            <line number="579" branch="false" hits="1"/>
            <line number="580" branch="false" hits="1"/>
            <line number="581" branch="false" hits="1"/>
            <line number="582" branch="false" hits="1"/>
            <line number="583" branch="false" hits="1"/>
            <line number="584" branch="false" hits="1"/>
            <line number="585" branch="false" hits="1"/>
            <line number="586" branch="false" hits="1"/>
            <line number="587" branch="false" hits="1"/>
            <line number="588" branch="false" hits="1"/>
            <line number="589" branch="false" hits="1"/>
            <line number="590" branch="false" hits="1"/>
            <line number="591" branch="false" hits="1"/>
            <line number="592" branch="false" hits="1"/>
            <line number="593" branch="false" hits="1"/>
            <line number="594" branch="false" hits="1"/>
            <line number="595" branch="false" hits="1"/>
            <line number="596" branch="false" hits="1"/>
            <line number="597" branch="false" hits="1"/>
            <line number="598" branch="false" hits="1"/>
            <line number="599" branch="false" hits="1"/>
            <line number="600" branch="false" hits="1"/>
            <line number="601" branch="false" hits="1"/>
            <line number="602" branch="false" hits="1"/>
            <line number="603" branch="false" hits="1"/>
            <line number="604" branch="false" hits="1"/>
            <line number="605" branch="false" hits="1"/>
            <line number="606" branch="false" hits="1"/>
            <line number="607" branch="false" hits="1"/>
            <line number="619" branch="false" hits="1"/>
            <line number="620" branch="false" hits="1"/>
            <line number="621" branch="false" hits="1"/>
            <line number="622" branch="false" hits="1"/>
            <line number="623" branch="false" hits="1"/>
            <line number="624" branch="false" hits="1"/>
            <line number="625" branch="false" hits="1"/>
            <line number="626" branch="false" hits="1"/>
            <line number="627" branch="false" hits="1"/>
            <line number="628" branch="false" hits="1"/>
            <line number="629" branch="false" hits="1"/>
            <line number="630" branch="false" hits="1"/>
            <line number="631" branch="false" hits="1"/>
            <line number="632" branch="false" hits="1"/>
            <line number="633" branch="false" hits="1"/>
            <line number="634" branch="false" hits="1"/>
            <line number="635" branch="false" hits="1"/>
            <line number="636" branch="false" hits="1"/>
            <line number="637" branch="false" hits="1"/>
            <line number="638" branch="false" hits="1"/>
            <line number="639" branch="false" hits="1"/>
            <line number="640" branch="false" hits="1"/>
            <line number="641" branch="false" hits="1"/>
            <line number="642" branch="false" hits="1"/>
            <line number="643" branch="false" hits="1"/>
            <line number="644" branch="false" hits="1"/>
            <line number="645" branch="false" hits="1"/>
            <line number="646" branch="false" hits="1"/>
            <line number="647" branch="false" hits="1"/>
            <line number="648" branch="false" hits="1"/>
            <line number="649" branch="false" hits="1"/>
            <line number="658" branch="false" hits="1"/>
            <line number="659" branch="false" hits="1"/>
            <line number="660" branch="false" hits="1"/>
            <line number="661" branch="false" hits="1"/>
            <line number="662" branch="false" hits="1"/>
            <line number="663" branch="false" hits="1"/>
            <line number="664" branch="false" hits="1"/>
            <line number="665" branch="false" hits="1"/>
            <line number="666" branch="false" hits="1"/>
            <line number="667" branch="false" hits="1"/>
            <line number="668" branch="false" hits="1"/>
            <line number="669" branch="false" hits="1"/>
            <line number="670" branch="false" hits="1"/>
            <line number="671" branch="false" hits="1"/>
            <line number="672" branch="false" hits="1"/>
            <line number="673" branch="false" hits="1"/>
            <line number="674" branch="false" hits="1"/>
            <line number="675" branch="false" hits="1"/>
            <line number="676" branch="false" hits="1"/>
            <line number="677" branch="false" hits="1"/>
            <line number="678" branch="false" hits="1"/>
            <line number="679" branch="false" hits="1"/>
            <line number="680" branch="false" hits="1"/>
            <line number="681" branch="false" hits="1"/>
            <line number="682" branch="false" hits="1"/>
            <line number="683" branch="false" hits="1"/>
            <line number="684" branch="false" hits="1"/>
            <line number="685" branch="false" hits="1"/>
            <line number="686" branch="false" hits="1"/>
            <line number="687" branch="false" hits="1"/>
            <line number="688" branch="false" hits="1"/>
            <line number="689" branch="false" hits="1"/>
            <line number="690" branch="false" hits="1"/>
            <line number="691" branch="false" hits="1"/>
            <line number="693" branch="false" hits="0"/>
            <line number="694" branch="false" hits="0"/>
            <line number="695" branch="false" hits="0"/>
            <line number="699" branch="false" hits="0"/>
            <line number="700" branch="false" hits="0"/>
            <line number="701" branch="false" hits="0"/>
            <line number="702" branch="false" hits="0"/>
            <line number="703" branch="false" hits="0"/>
            <line number="704" branch="false" hits="0"/>
            <line number="705" branch="false" hits="0"/>
            <line number="706" branch="false" hits="0"/>
            <line number="707" branch="false" hits="0"/>
            <line number="709" branch="false" hits="0"/>
            <line number="710" branch="false" hits="0"/>
            <line number="711" branch="false" hits="0"/>
            <line number="712" branch="false" hits="0"/>
            <line number="713" branch="false" hits="0"/>
            <line number="714" branch="false" hits="0"/>
            <line number="715" branch="false" hits="0"/>
            <line number="716" branch="false" hits="0"/>
            <line number="717" branch="false" hits="0"/>
            <line number="720" branch="false" hits="1"/>
            <line number="721" branch="false" hits="1"/>
            <line number="722" branch="false" hits="0"/>
            <line number="723" branch="false" hits="0"/>
            <line number="724" branch="false" hits="0"/>
            <line number="725" branch="false" hits="0"/>
            <line number="726" branch="false" hits="1"/>
            <line number="728" branch="false" hits="0"/>
            <line number="729" branch="false" hits="0"/>
            <line number="730" branch="false" hits="0"/>
            <line number="731" branch="false" hits="0"/>
            <line number="732" branch="false" hits="0"/>
            <line number="738" branch="false" hits="0"/>
            <line number="739" branch="false" hits="0"/>
            <line number="740" branch="false" hits="0"/>
            <line number="741" branch="false" hits="0"/>
            <line number="742" branch="false" hits="0"/>
            <line number="743" branch="false" hits="0"/>
            <line number="744" branch="false" hits="0"/>
            <line number="745" branch="false" hits="0"/>
            <line number="746" branch="false" hits="0"/>
            <line number="747" branch="false" hits="0"/>
            <line number="748" branch="false" hits="0"/>
            <line number="749" branch="false" hits="0"/>
            <line number="750" branch="false" hits="0"/>
            <line number="751" branch="false" hits="0"/>
            <line number="752" branch="false" hits="0"/>
            <line number="753" branch="false" hits="0"/>
            <line number="755" branch="false" hits="0"/>
            <line number="756" branch="false" hits="0"/>
            <line number="757" branch="false" hits="0"/>
            <line number="758" branch="false" hits="0"/>
            <line number="759" branch="false" hits="0"/>
            <line number="760" branch="false" hits="0"/>
            <line number="761" branch="false" hits="0"/>
            <line number="762" branch="false" hits="0"/>
            <line number="763" branch="false" hits="0"/>
            <line number="764" branch="false" hits="0"/>
            <line number="765" branch="false" hits="0"/>
            <line number="766" branch="false" hits="0"/>
            <line number="767" branch="false" hits="0"/>
            <line number="768" branch="false" hits="0"/>
            <line number="769" branch="false" hits="0"/>
            <line number="770" branch="false" hits="0"/>
            <line number="771" branch="false" hits="0"/>
            <line number="772" branch="false" hits="0"/>
            <line number="773" branch="false" hits="0"/>
            <line number="774" branch="false" hits="0"/>
            <line number="775" branch="false" hits="0"/>
            <line number="776" branch="false" hits="0"/>
            <line number="777" branch="false" hits="0"/>
            <line number="780" branch="false" hits="2"/>
            <line number="781" branch="false" hits="2"/>
            <line number="782" branch="false" hits="2"/>
          </lines>
        </class>
        <class name="VMNADBMobileConfigOverride.m" filename="BentoLib/VMNADBMobileConfigOverride.m" line-rate="0.0000000000000000" branch-rate="1.0000000000000000" complexity="0.0">
          <methods/>
          <lines>
            <line number="16" branch="false" hits="0"/>
            <line number="17" branch="false" hits="0"/>
            <line number="18" branch="false" hits="0"/>
            <line number="19" branch="false" hits="0"/>
            <line number="20" branch="false" hits="0"/>
            <line number="21" branch="false" hits="0"/>
            <line number="22" branch="false" hits="0"/>
            <line number="23" branch="false" hits="0"/>
            <line number="24" branch="false" hits="0"/>
            <line number="25" branch="false" hits="0"/>
            <line number="26" branch="false" hits="0"/>
            <line number="27" branch="false" hits="0"/>
            <line number="28" branch="false" hits="0"/>
            <line number="29" branch="false" hits="0"/>
            <line number="30" branch="false" hits="0"/>
            <line number="31" branch="false" hits="0"/>
            <line number="32" branch="false" hits="0"/>
            <line number="33" branch="false" hits="0"/>
            <line number="34" branch="false" hits="0"/>
            <line number="37" branch="false" hits="0"/>
            <line number="38" branch="false" hits="0"/>
            <line number="39" branch="false" hits="0"/>
            <line number="40" branch="false" hits="0"/>
            <line number="41" branch="false" hits="0"/>
            <line number="42" branch="false" hits="0"/>
            <line number="43" branch="false" hits="0"/>
            <line number="44" branch="false" hits="0"/>
            <line number="45" branch="false" hits="0"/>
            <line number="46" branch="false" hits="0"/>
            <line number="47" branch="false" hits="0"/>
            <line number="48" branch="false" hits="0"/>
            <line number="49" branch="false" hits="0"/>
            <line number="50" branch="false" hits="0"/>
            <line number="51" branch="false" hits="0"/>
            <line number="52" branch="false" hits="0"/>
            <line number="53" branch="false" hits="0"/>
            <line number="54" branch="false" hits="0"/>
            <line number="55" branch="false" hits="0"/>
            <line number="56" branch="false" hits="0"/>
            <line number="57" branch="false" hits="0"/>
            <line number="58" branch="false" hits="0"/>
            <line number="59" branch="false" hits="0"/>
            <line number="60" branch="false" hits="0"/>
            <line number="61" branch="false" hits="0"/>
            <line number="62" branch="false" hits="0"/>
            <line number="63" branch="false" hits="0"/>
            <line number="64" branch="false" hits="0"/>
            <line number="65" branch="false" hits="0"/>
            <line number="66" branch="false" hits="0"/>
            <line number="67" branch="false" hits="0"/>
            <line number="68" branch="false" hits="0"/>
            <line number="69" branch="false" hits="0"/>
            <line number="70" branch="false" hits="0"/>
            <line number="71" branch="false" hits="0"/>
            <line number="72" branch="false" hits="0"/>
            <line number="73" branch="false" hits="0"/>
            <line number="74" branch="false" hits="0"/>
            <line number="75" branch="false" hits="0"/>
            <line number="76" branch="false" hits="0"/>
            <line number="77" branch="false" hits="0"/>
            <line number="78" branch="false" hits="0"/>
            <line number="79" branch="false" hits="0"/>
            <line number="80" branch="false" hits="0"/>
            <line number="82" branch="false" hits="0"/>
            <line number="83" branch="false" hits="0"/>
            <line number="84" branch="false" hits="0"/>
            <line number="85" branch="false" hits="0"/>
            <line number="86" branch="false" hits="0"/>
            <line number="87" branch="false" hits="0"/>
            <line number="88" branch="false" hits="0"/>
            <line number="89" branch="false" hits="0"/>
            <line number="90" branch="false" hits="0"/>
            <line number="91" branch="false" hits="0"/>
            <line number="92" branch="false" hits="0"/>
            <line number="93" branch="false" hits="0"/>
            <line number="94" branch="false" hits="0"/>
            <line number="95" branch="false" hits="0"/>
            <line number="96" branch="false" hits="0"/>
            <line number="97" branch="false" hits="0"/>
            <line number="98" branch="false" hits="0"/>
            <line number="99" branch="false" hits="0"/>
            <line number="100" branch="false" hits="0"/>
            <line number="101" branch="false" hits="0"/>
            <line number="102" branch="false" hits="0"/>
            <line number="103" branch="false" hits="0"/>
            <line number="104" branch="false" hits="0"/>
            <line number="105" branch="false" hits="0"/>
            <line number="106" branch="false" hits="0"/>
            <line number="107" branch="false" hits="0"/>
            <line number="108" branch="false" hits="0"/>
            <line number="109" branch="false" hits="0"/>
            <line number="110" branch="false" hits="0"/>
            <line number="111" branch="false" hits="0"/>
            <line number="112" branch="false" hits="0"/>
            <line number="113" branch="false" hits="0"/>
            <line number="114" branch="false" hits="0"/>
            <line number="115" branch="false" hits="0"/>
            <line number="116" branch="false" hits="0"/>
            <line number="117" branch="false" hits="0"/>
          </lines>
        </class>
        <class name="VMNADBMobileTargeting.m" filename="BentoLib/VMNADBMobileTargeting.m" line-rate="0.6428571428571429" branch-rate="1.0000000000000000" complexity="0.0">
          <methods/>
          <lines>
            <line number="22" branch="false" hits="0"/>
            <line number="23" branch="false" hits="0"/>
            <line number="24" branch="false" hits="0"/>
            <line number="25" branch="false" hits="0"/>
            <line number="27" branch="false" hits="0"/>
            <line number="28" branch="false" hits="0"/>
            <line number="29" branch="false" hits="0"/>
            <line number="31" branch="false" hits="0"/>
            <line number="32" branch="false" hits="0"/>
            <line number="33" branch="false" hits="0"/>
            <line number="37" branch="false" hits="1"/>
            <line number="38" branch="false" hits="1"/>
            <line number="39" branch="false" hits="1"/>
            <line number="40" branch="false" hits="1"/>
            <line number="41" branch="false" hits="1"/>
            <line number="42" branch="false" hits="1"/>
            <line number="43" branch="false" hits="1"/>
            <line number="44" branch="false" hits="1"/>
            <line number="45" branch="false" hits="1"/>
            <line number="46" branch="false" hits="1"/>
            <line number="47" branch="false" hits="1"/>
            <line number="48" branch="false" hits="1"/>
            <line number="49" branch="false" hits="1"/>
            <line number="50" branch="false" hits="1"/>
            <line number="51" branch="false" hits="1"/>
            <line number="52" branch="false" hits="1"/>
            <line number="53" branch="false" hits="1"/>
            <line number="54" branch="false" hits="1"/>
          </lines>
        </class>
        <class name="VMNADBMobileVO.m" filename="BentoLib/VMNADBMobileVO.m" line-rate="0.0000000000000000" branch-rate="1.0000000000000000" complexity="0.0">
          <methods/>
          <lines>
            <line number="25" branch="false" hits="0"/>
            <line number="26" branch="false" hits="0"/>
            <line number="27" branch="false" hits="0"/>
            <line number="28" branch="false" hits="0"/>
            <line number="29" branch="false" hits="0"/>
            <line number="30" branch="false" hits="0"/>
            <line number="31" branch="false" hits="0"/>
            <line number="32" branch="false" hits="0"/>
            <line number="33" branch="false" hits="0"/>
            <line number="34" branch="false" hits="0"/>
            <line number="35" branch="false" hits="0"/>
            <line number="36" branch="false" hits="0"/>
            <line number="37" branch="false" hits="0"/>
            <line number="38" branch="false" hits="0"/>
            <line number="39" branch="false" hits="0"/>
            <line number="40" branch="false" hits="0"/>
            <line number="41" branch="false" hits="0"/>
            <line number="42" branch="false" hits="0"/>
            <line number="43" branch="false" hits="0"/>
            <line number="44" branch="false" hits="0"/>
            <line number="45" branch="false" hits="0"/>
            <line number="46" branch="false" hits="0"/>
            <line number="47" branch="false" hits="0"/>
            <line number="48" branch="false" hits="0"/>
            <line number="49" branch="false" hits="0"/>
            <line number="50" branch="false" hits="0"/>
            <line number="51" branch="false" hits="0"/>
            <line number="52" branch="false" hits="0"/>
            <line number="53" branch="false" hits="0"/>
            <line number="54" branch="false" hits="0"/>
            <line number="55" branch="false" hits="0"/>
            <line number="56" branch="false" hits="0"/>
            <line number="57" branch="false" hits="0"/>
            <line number="58" branch="false" hits="0"/>
            <line number="59" branch="false" hits="0"/>
          </lines>
        </class>
        <class name="VMNADBMobileVideoSubscriber.m" filename="BentoLib/VMNADBMobileVideoSubscriber.m" line-rate="0.0000000000000000" branch-rate="1.0000000000000000" complexity="0.0">
          <methods/>
          <lines>
            <line number="63" branch="false" hits="0"/>
            <line number="64" branch="false" hits="0"/>
            <line number="65" branch="false" hits="0"/>
            <line number="66" branch="false" hits="0"/>
            <line number="67" branch="false" hits="0"/>
            <line number="68" branch="false" hits="0"/>
            <line number="69" branch="false" hits="0"/>
            <line number="70" branch="false" hits="0"/>
            <line number="71" branch="false" hits="0"/>
            <line number="72" branch="false" hits="0"/>
            <line number="73" branch="false" hits="0"/>
            <line number="74" branch="false" hits="0"/>
            <line number="75" branch="false" hits="0"/>
            <line number="76" branch="false" hits="0"/>
            <line number="77" branch="false" hits="0"/>
            <line number="78" branch="false" hits="0"/>
            <line number="79" branch="false" hits="0"/>
            <line number="80" branch="false" hits="0"/>
            <line number="81" branch="false" hits="0"/>
            <line number="82" branch="false" hits="0"/>
            <line number="83" branch="false" hits="0"/>
            <line number="84" branch="false" hits="0"/>
            <line number="85" branch="false" hits="0"/>
            <line number="86" branch="false" hits="0"/>
            <line number="87" branch="false" hits="0"/>
            <line number="88" branch="false" hits="0"/>
            <line number="89" branch="false" hits="0"/>
            <line number="90" branch="false" hits="0"/>
            <line number="91" branch="false" hits="0"/>
            <line number="92" branch="false" hits="0"/>
            <line number="93" branch="false" hits="0"/>
            <line number="94" branch="false" hits="0"/>
            <line number="95" branch="false" hits="0"/>
            <line number="96" branch="false" hits="0"/>
            <line number="97" branch="false" hits="0"/>
            <line number="98" branch="false" hits="0"/>
            <line number="99" branch="false" hits="0"/>
            <line number="100" branch="false" hits="0"/>
            <line number="101" branch="false" hits="0"/>
            <line number="102" branch="false" hits="0"/>
            <line number="103" branch="false" hits="0"/>
            <line number="104" branch="false" hits="0"/>
            <line number="105" branch="false" hits="0"/>
            <line number="106" branch="false" hits="0"/>
            <line number="108" branch="false" hits="0"/>
            <line number="109" branch="false" hits="0"/>
            <line number="110" branch="false" hits="0"/>
            <line number="111" branch="false" hits="0"/>
            <line number="112" branch="false" hits="0"/>
            <line number="113" branch="false" hits="0"/>
            <line number="114" branch="false" hits="0"/>
            <line number="115" branch="false" hits="0"/>
            <line number="116" branch="false" hits="0"/>
            <line number="117" branch="false" hits="0"/>
            <line number="118" branch="false" hits="0"/>
            <line number="119" branch="false" hits="0"/>
            <line number="120" branch="false" hits="0"/>
            <line number="121" branch="false" hits="0"/>
            <line number="122" branch="false" hits="0"/>
            <line number="123" branch="false" hits="0"/>
            <line number="124" branch="false" hits="0"/>
            <line number="125" branch="false" hits="0"/>
            <line number="126" branch="false" hits="0"/>
            <line number="127" branch="false" hits="0"/>
            <line number="128" branch="false" hits="0"/>
            <line number="129" branch="false" hits="0"/>
            <line number="130" branch="false" hits="0"/>
            <line number="131" branch="false" hits="0"/>
            <line number="132" branch="false" hits="0"/>
            <line number="133" branch="false" hits="0"/>
            <line number="135" branch="false" hits="0"/>
            <line number="136" branch="false" hits="0"/>
            <line number="137" branch="false" hits="0"/>
            <line number="138" branch="false" hits="0"/>
            <line number="139" branch="false" hits="0"/>
            <line number="140" branch="false" hits="0"/>
            <line number="141" branch="false" hits="0"/>
            <line number="142" branch="false" hits="0"/>
            <line number="143" branch="false" hits="0"/>
            <line number="144" branch="false" hits="0"/>
            <line number="146" branch="false" hits="0"/>
            <line number="147" branch="false" hits="0"/>
            <line number="148" branch="false" hits="0"/>
            <line number="149" branch="false" hits="0"/>
            <line number="150" branch="false" hits="0"/>
            <line number="151" branch="false" hits="0"/>
            <line number="152" branch="false" hits="0"/>
            <line number="153" branch="false" hits="0"/>
            <line number="154" branch="false" hits="0"/>
            <line number="155" branch="false" hits="0"/>
            <line number="156" branch="false" hits="0"/>
            <line number="157" branch="false" hits="0"/>
            <line number="158" branch="false" hits="0"/>
            <line number="159" branch="false" hits="0"/>
            <line number="160" branch="false" hits="0"/>
            <line number="162" branch="false" hits="0"/>
            <line number="163" branch="false" hits="0"/>
            <line number="164" branch="false" hits="0"/>
            <line number="165" branch="false" hits="0"/>
            <line number="166" branch="false" hits="0"/>
            <line number="167" branch="false" hits="0"/>
            <line number="168" branch="false" hits="0"/>
            <line number="169" branch="false" hits="0"/>
            <line number="171" branch="false" hits="0"/>
            <line number="172" branch="false" hits="0"/>
            <line number="173" branch="false" hits="0"/>
            <line number="174" branch="false" hits="0"/>
            <line number="176" branch="false" hits="0"/>
            <line number="177" branch="false" hits="0"/>
            <line number="178" branch="false" hits="0"/>
            <line number="179" branch="false" hits="0"/>
            <line number="180" branch="false" hits="0"/>
            <line number="182" branch="false" hits="0"/>
            <line number="183" branch="false" hits="0"/>
            <line number="184" branch="false" hits="0"/>
            <line number="185" branch="false" hits="0"/>
            <line number="186" branch="false" hits="0"/>
            <line number="187" branch="false" hits="0"/>
            <line number="188" branch="false" hits="0"/>
            <line number="189" branch="false" hits="0"/>
            <line number="190" branch="false" hits="0"/>
            <line number="191" branch="false" hits="0"/>
            <line number="193" branch="false" hits="0"/>
            <line number="194" branch="false" hits="0"/>
            <line number="195" branch="false" hits="0"/>
            <line number="196" branch="false" hits="0"/>
            <line number="197" branch="false" hits="0"/>
            <line number="198" branch="false" hits="0"/>
            <line number="199" branch="false" hits="0"/>
            <line number="201" branch="false" hits="0"/>
            <line number="202" branch="false" hits="0"/>
            <line number="203" branch="false" hits="0"/>
            <line number="204" branch="false" hits="0"/>
            <line number="205" branch="false" hits="0"/>
            <line number="206" branch="false" hits="0"/>
            <line number="208" branch="false" hits="0"/>
            <line number="209" branch="false" hits="0"/>
            <line number="210" branch="false" hits="0"/>
            <line number="211" branch="false" hits="0"/>
            <line number="212" branch="false" hits="0"/>
            <line number="213" branch="false" hits="0"/>
            <line number="215" branch="false" hits="0"/>
            <line number="216" branch="false" hits="0"/>
            <line number="217" branch="false" hits="0"/>
            <line number="218" branch="false" hits="0"/>
            <line number="219" branch="false" hits="0"/>
            <line number="220" branch="false" hits="0"/>
            <line number="221" branch="false" hits="0"/>
            <line number="222" branch="false" hits="0"/>
            <line number="224" branch="false" hits="0"/>
            <line number="225" branch="false" hits="0"/>
            <line number="226" branch="false" hits="0"/>
            <line number="227" branch="false" hits="0"/>
            <line number="228" branch="false" hits="0"/>
            <line number="229" branch="false" hits="0"/>
            <line number="230" branch="false" hits="0"/>
            <line number="231" branch="false" hits="0"/>
            <line number="232" branch="false" hits="0"/>
            <line number="233" branch="false" hits="0"/>
            <line number="234" branch="false" hits="0"/>
            <line number="235" branch="false" hits="0"/>
            <line number="236" branch="false" hits="0"/>
            <line number="237" branch="false" hits="0"/>
            <line number="238" branch="false" hits="0"/>
            <line number="239" branch="false" hits="0"/>
            <line number="240" branch="false" hits="0"/>
            <line number="241" branch="false" hits="0"/>
            <line number="242" branch="false" hits="0"/>
            <line number="243" branch="false" hits="0"/>
            <line number="244" branch="false" hits="0"/>
            <line number="245" branch="false" hits="0"/>
            <line number="246" branch="false" hits="0"/>
            <line number="247" branch="false" hits="0"/>
            <line number="248" branch="false" hits="0"/>
            <line number="249" branch="false" hits="0"/>
            <line number="250" branch="false" hits="0"/>
            <line number="252" branch="false" hits="0"/>
            <line number="253" branch="false" hits="0"/>
            <line number="254" branch="false" hits="0"/>
            <line number="255" branch="false" hits="0"/>
            <line number="256" branch="false" hits="0"/>
            <line number="257" branch="false" hits="0"/>
            <line number="259" branch="false" hits="0"/>
            <line number="260" branch="false" hits="0"/>
            <line number="261" branch="false" hits="0"/>
            <line number="262" branch="false" hits="0"/>
            <line number="263" branch="false" hits="0"/>
            <line number="264" branch="false" hits="0"/>
            <line number="265" branch="false" hits="0"/>
            <line number="266" branch="false" hits="0"/>
            <line number="267" branch="false" hits="0"/>
            <line number="268" branch="false" hits="0"/>
            <line number="269" branch="false" hits="0"/>
            <line number="270" branch="false" hits="0"/>
            <line number="271" branch="false" hits="0"/>
            <line number="272" branch="false" hits="0"/>
            <line number="273" branch="false" hits="0"/>
          </lines>
        </class>
        <class name="VMNADBReportBasicPage.m" filename="BentoLib/VMNADBReportBasicPage.m" line-rate="1.0000000000000000" branch-rate="1.0000000000000000" complexity="0.0">
          <methods/>
          <lines>
            <line number="22" branch="false" hits="2"/>
            <line number="23" branch="false" hits="2"/>
            <line number="24" branch="false" hits="2"/>
            <line number="25" branch="false" hits="2"/>
            <line number="26" branch="false" hits="2"/>
            <line number="27" branch="false" hits="2"/>
            <line number="28" branch="false" hits="2"/>
            <line number="29" branch="false" hits="2"/>
            <line number="30" branch="false" hits="2"/>
            <line number="31" branch="false" hits="2"/>
            <line number="32" branch="false" hits="2"/>
            <line number="33" branch="false" hits="2"/>
            <line number="34" branch="false" hits="2"/>
            <line number="35" branch="false" hits="2"/>
            <line number="36" branch="false" hits="2"/>
            <line number="37" branch="false" hits="2"/>
            <line number="38" branch="false" hits="2"/>
            <line number="39" branch="false" hits="2"/>
            <line number="40" branch="false" hits="2"/>
            <line number="42" branch="false" hits="2"/>
            <line number="43" branch="false" hits="2"/>
            <line number="44" branch="false" hits="2"/>
            <line number="45" branch="false" hits="2"/>
            <line number="46" branch="false" hits="2"/>
            <line number="47" branch="false" hits="2"/>
            <line number="48" branch="false" hits="2"/>
            <line number="49" branch="false" hits="2"/>
            <line number="50" branch="false" hits="2"/>
            <line number="51" branch="false" hits="2"/>
            <line number="52" branch="false" hits="2"/>
            <line number="53" branch="false" hits="2"/>
            <line number="54" branch="false" hits="2"/>
            <line number="55" branch="false" hits="2"/>
            <line number="56" branch="false" hits="2"/>
            <line number="57" branch="false" hits="2"/>
            <line number="59" branch="false" hits="2"/>
            <line number="60" branch="false" hits="2"/>
            <line number="61" branch="false" hits="2"/>
            <line number="62" branch="false" hits="2"/>
            <line number="63" branch="false" hits="2"/>
            <line number="65" branch="false" hits="2"/>
            <line number="66" branch="false" hits="2"/>
            <line number="67" branch="false" hits="2"/>
            <line number="68" branch="false" hits="2"/>
            <line number="69" branch="false" hits="2"/>
            <line number="70" branch="false" hits="2"/>
            <line number="71" branch="false" hits="2"/>
          </lines>
        </class>
        <class name="VMNADBReportConversion.m" filename="BentoLib/VMNADBReportConversion.m" line-rate="1.0000000000000000" branch-rate="1.0000000000000000" complexity="0.0">
          <methods/>
          <lines>
            <line number="12" branch="false" hits="1"/>
            <line number="13" branch="false" hits="1"/>
            <line number="14" branch="false" hits="1"/>
            <line number="15" branch="false" hits="1"/>
            <line number="16" branch="false" hits="1"/>
            <line number="17" branch="false" hits="1"/>
            <line number="18" branch="false" hits="1"/>
            <line number="19" branch="false" hits="1"/>
            <line number="20" branch="false" hits="1"/>
            <line number="21" branch="false" hits="1"/>
            <line number="22" branch="false" hits="1"/>
            <line number="23" branch="false" hits="1"/>
            <line number="24" branch="false" hits="1"/>
            <line number="25" branch="false" hits="1"/>
            <line number="26" branch="false" hits="1"/>
            <line number="27" branch="false" hits="1"/>
            <line number="28" branch="false" hits="1"/>
            <line number="29" branch="false" hits="1"/>
            <line number="31" branch="false" hits="1"/>
            <line number="32" branch="false" hits="1"/>
            <line number="33" branch="false" hits="1"/>
            <line number="34" branch="false" hits="1"/>
            <line number="35" branch="false" hits="1"/>
            <line number="36" branch="false" hits="1"/>
            <line number="37" branch="false" hits="1"/>
            <line number="38" branch="false" hits="1"/>
            <line number="39" branch="false" hits="1"/>
            <line number="40" branch="false" hits="1"/>
            <line number="41" branch="false" hits="1"/>
            <line number="42" branch="false" hits="1"/>
            <line number="43" branch="false" hits="1"/>
          </lines>
        </class>
        <class name="VMNADBReportCore.m" filename="BentoLib/VMNADBReportCore.m" line-rate="1.0000000000000000" branch-rate="1.0000000000000000" complexity="0.0">
          <methods/>
          <lines>
            <line number="24" branch="false" hits="11"/>
            <line number="25" branch="false" hits="11"/>
            <line number="26" branch="false" hits="11"/>
            <line number="27" branch="false" hits="11"/>
            <line number="28" branch="false" hits="11"/>
            <line number="29" branch="false" hits="11"/>
            <line number="30" branch="false" hits="11"/>
            <line number="31" branch="false" hits="11"/>
            <line number="32" branch="false" hits="11"/>
            <line number="33" branch="false" hits="11"/>
            <line number="34" branch="false" hits="11"/>
            <line number="35" branch="false" hits="11"/>
            <line number="37" branch="false" hits="11"/>
[...]
            <line number="60" branch="false" hits="0"/>
            <line number="61" branch="false" hits="0"/>
            <line number="62" branch="false" hits="0"/>
            <line number="63" branch="false" hits="0"/>
            <line number="64" branch="false" hits="0"/>
            <line number="65" branch="false" hits="0"/>
            <line number="66" branch="false" hits="0"/>
            <line number="67" branch="false" hits="0"/>
            <line number="68" branch="false" hits="0"/>
            <line number="69" branch="false" hits="0"/>
            <line number="70" branch="false" hits="0"/>
            <line number="71" branch="false" hits="0"/>
            <line number="72" branch="false" hits="0"/>
            <line number="73" branch="false" hits="0"/>
            <line number="74" branch="false" hits="0"/>
            <line number="75" branch="false" hits="0"/>
            <line number="76" branch="false" hits="0"/>
            <line number="77" branch="false" hits="0"/>
            <line number="78" branch="false" hits="0"/>
            <line number="79" branch="false" hits="0"/>
            <line number="80" branch="false" hits="0"/>
            <line number="82" branch="false" hits="0"/>
            <line number="83" branch="false" hits="0"/>
            <line number="84" branch="false" hits="0"/>
            <line number="85" branch="false" hits="0"/>
            <line number="86" branch="false" hits="0"/>
            <line number="87" branch="false" hits="0"/>
            <line number="88" branch="false" hits="0"/>
          </lines>
        </class>
        <class name="VMNVHBDelegate.m" filename="BentoLib/VMNVHBDelegate.m" line-rate="0.0000000000000000" branch-rate="1.0000000000000000" complexity="0.0">
          <methods/>
          <lines>
            <line number="33" branch="false" hits="0"/>
            <line number="34" branch="false" hits="0"/>
            <line number="35" branch="false" hits="0"/>
            <line number="36" branch="false" hits="0"/>
            <line number="37" branch="false" hits="0"/>
            <line number="38" branch="false" hits="0"/>
            <line number="39" branch="false" hits="0"/>
            <line number="40" branch="false" hits="0"/>
            <line number="41" branch="false" hits="0"/>
            <line number="42" branch="false" hits="0"/>
            <line number="43" branch="false" hits="0"/>
            <line number="45" branch="false" hits="0"/>
            <line number="46" branch="false" hits="0"/>
            <line number="47" branch="false" hits="0"/>
            <line number="48" branch="false" hits="0"/>
            <line number="49" branch="false" hits="0"/>
            <line number="50" branch="false" hits="0"/>
            <line number="51" branch="false" hits="0"/>
            <line number="52" branch="false" hits="0"/>
            <line number="53" branch="false" hits="0"/>
            <line number="55" branch="false" hits="0"/>
            <line number="56" branch="false" hits="0"/>
            <line number="57" branch="false" hits="0"/>
            <line number="58" branch="false" hits="0"/>
            <line number="59" branch="false" hits="0"/>
            <line number="60" branch="false" hits="0"/>
            <line number="61" branch="false" hits="0"/>
            <line number="62" branch="false" hits="0"/>
            <line number="63" branch="false" hits="0"/>
            <line number="64" branch="false" hits="0"/>
            <line number="65" branch="false" hits="0"/>
            <line number="66" branch="false" hits="0"/>
            <line number="68" branch="false" hits="0"/>
            <line number="69" branch="false" hits="0"/>
            <line number="70" branch="false" hits="0"/>
            <line number="71" branch="false" hits="0"/>
            <line number="72" branch="false" hits="0"/>
            <line number="73" branch="false" hits="0"/>
            <line number="74" branch="false" hits="0"/>
            <line number="75" branch="false" hits="0"/>
            <line number="76" branch="false" hits="0"/>
            <line number="77" branch="false" hits="0"/>
            <line number="79" branch="false" hits="0"/>
            <line number="80" branch="false" hits="0"/>
            <line number="81" branch="false" hits="0"/>
            <line number="82" branch="false" hits="0"/>
          </lines>
        </class>
        <class name="VMNVIPServiceManager.m" filename="BentoLib/VMNVIPServiceManager.m" line-rate="0.1090909090909091" branch-rate="1.0000000000000000" complexity="0.0">
          <methods/>
          <lines>
            <line number="25" branch="false" hits="0"/>
            <line number="26" branch="false" hits="0"/>
            <line number="27" branch="false" hits="0"/>
            <line number="28" branch="false" hits="0"/>
            <line number="29" branch="false" hits="0"/>
            <line number="30" branch="false" hits="0"/>
            <line number="31" branch="false" hits="0"/>
            <line number="32" branch="false" hits="0"/>
            <line number="33" branch="false" hits="0"/>
            <line number="35" branch="false" hits="0"/>
            <line number="36" branch="false" hits="0"/>
            <line number="37" branch="false" hits="0"/>
            <line number="38" branch="false" hits="0"/>
            <line number="39" branch="false" hits="0"/>
            <line number="40" branch="false" hits="0"/>
            <line number="41" branch="false" hits="0"/>
            <line number="42" branch="false" hits="0"/>
            <line number="43" branch="false" hits="0"/>
            <line number="44" branch="false" hits="0"/>
            <line number="45" branch="false" hits="0"/>
            <line number="46" branch="false" hits="0"/>
            <line number="47" branch="false" hits="0"/>
            <line number="48" branch="false" hits="0"/>
            <line number="49" branch="false" hits="0"/>
            <line number="50" branch="false" hits="0"/>
            <line number="51" branch="false" hits="0"/>
            <line number="52" branch="false" hits="0"/>
            <line number="53" branch="false" hits="0"/>
            <line number="54" branch="false" hits="0"/>
            <line number="55" branch="false" hits="0"/>
            <line number="56" branch="false" hits="0"/>
            <line number="57" branch="false" hits="0"/>
            <line number="58" branch="false" hits="0"/>
            <line number="59" branch="false" hits="0"/>
            <line number="60" branch="false" hits="0"/>
            <line number="61" branch="false" hits="0"/>
            <line number="62" branch="false" hits="0"/>
            <line number="63" branch="false" hits="0"/>
            <line number="64" branch="false" hits="0"/>
            <line number="65" branch="false" hits="0"/>
            <line number="66" branch="false" hits="0"/>
            <line number="67" branch="false" hits="0"/>
            <line number="68" branch="false" hits="0"/>
            <line number="69" branch="false" hits="0"/>
            <line number="70" branch="false" hits="0"/>
            <line number="71" branch="false" hits="0"/>
            <line number="72" branch="false" hits="0"/>
            <line number="73" branch="false" hits="0"/>
            <line number="74" branch="false" hits="0"/>
            <line number="75" branch="false" hits="0"/>
            <line number="76" branch="false" hits="0"/>
            <line number="77" branch="false" hits="0"/>
            <line number="78" branch="false" hits="0"/>
            <line number="79" branch="false" hits="0"/>
            <line number="80" branch="false" hits="0"/>
            <line number="81" branch="false" hits="0"/>
            <line number="82" branch="false" hits="0"/>
            <line number="83" branch="false" hits="0"/>
            <line number="84" branch="false" hits="0"/>
            <line number="85" branch="false" hits="0"/>
            <line number="86" branch="false" hits="0"/>
            <line number="87" branch="false" hits="0"/>
            <line number="88" branch="false" hits="0"/>
            <line number="89" branch="false" hits="0"/>
            <line number="90" branch="false" hits="0"/>
            <line number="91" branch="false" hits="0"/>
            <line number="92" branch="false" hits="0"/>
            <line number="93" branch="false" hits="0"/>
            <line number="94" branch="false" hits="0"/>
            <line number="96" branch="false" hits="0"/>
            <line number="97" branch="false" hits="0"/>
            <line number="98" branch="false" hits="0"/>
            <line number="99" branch="false" hits="0"/>
            <line number="100" branch="false" hits="0"/>
            <line number="101" branch="false" hits="0"/>
            <line number="102" branch="false" hits="0"/>
            <line number="103" branch="false" hits="0"/>
            <line number="104" branch="false" hits="0"/>
            <line number="105" branch="false" hits="0"/>
            <line number="106" branch="false" hits="0"/>
            <line number="107" branch="false" hits="0"/>
            <line number="108" branch="false" hits="0"/>
            <line number="109" branch="false" hits="0"/>
            <line number="110" branch="false" hits="0"/>
            <line number="111" branch="false" hits="0"/>
            <line number="112" branch="false" hits="0"/>
            <line number="113" branch="false" hits="0"/>
            <line number="114" branch="false" hits="0"/>
            <line number="115" branch="false" hits="0"/>
            <line number="116" branch="false" hits="0"/>
            <line number="117" branch="false" hits="0"/>
            <line number="120" branch="false" hits="0"/>
            <line number="121" branch="false" hits="0"/>
            <line number="122" branch="false" hits="0"/>
            <line number="123" branch="false" hits="0"/>
            <line number="124" branch="false" hits="0"/>
            <line number="125" branch="false" hits="0"/>
            <line number="126" branch="false" hits="0"/>
            <line number="128" branch="false" hits="11"/>
            <line number="129" branch="false" hits="11"/>
            <line number="130" branch="false" hits="11"/>
            <line number="131" branch="false" hits="11"/>
            <line number="132" branch="false" hits="11"/>
            <line number="133" branch="false" hits="11"/>
            <line number="134" branch="false" hits="11"/>
            <line number="135" branch="false" hits="11"/>
            <line number="136" branch="false" hits="11"/>
            <line number="137" branch="false" hits="11"/>
            <line number="138" branch="false" hits="11"/>
            <line number="139" branch="false" hits="11"/>
          </lines>
        </class>
        <class name="VMNVideoData.m" filename="BentoLib/VMNVideoData.m" line-rate="0.0000000000000000" branch-rate="1.0000000000000000" complexity="0.0">
          <methods/>
          <lines>
            <line number="18" branch="false" hits="0"/>
            <line number="19" branch="false" hits="0"/>
            <line number="20" branch="false" hits="0"/>
            <line number="21" branch="false" hits="0"/>
            <line number="22" branch="false" hits="0"/>
            <line number="23" branch="false" hits="0"/>
            <line number="24" branch="false" hits="0"/>
            <line number="25" branch="false" hits="0"/>
            <line number="26" branch="false" hits="0"/>
            <line number="27" branch="false" hits="0"/>
            <line number="31" branch="false" hits="0"/>
            <line number="32" branch="false" hits="0"/>
            <line number="33" branch="false" hits="0"/>
            <line number="34" branch="false" hits="0"/>
            <line number="35" branch="false" hits="0"/>
            <line number="36" branch="false" hits="0"/>
            <line number="37" branch="false" hits="0"/>
            <line number="38" branch="false" hits="0"/>
            <line number="39" branch="false" hits="0"/>
            <line number="40" branch="false" hits="0"/>
            <line number="41" branch="false" hits="0"/>
            <line number="42" branch="false" hits="0"/>
            <line number="43" branch="false" hits="0"/>
            <line number="44" branch="false" hits="0"/>
            <line number="45" branch="false" hits="0"/>
            <line number="46" branch="false" hits="0"/>
            <line number="47" branch="false" hits="0"/>
            <line number="48" branch="false" hits="0"/>
            <line number="49" branch="false" hits="0"/>
            <line number="50" branch="false" hits="0"/>
            <line number="51" branch="false" hits="0"/>
            <line number="52" branch="false" hits="0"/>
            <line number="53" branch="false" hits="0"/>
            <line number="54" branch="false" hits="0"/>
            <line number="55" branch="false" hits="0"/>
            <line number="56" branch="false" hits="0"/>
            <line number="57" branch="false" hits="0"/>
            <line number="58" branch="false" hits="0"/>
            <line number="59" branch="false" hits="0"/>
            <line number="60" branch="false" hits="0"/>
            <line number="61" branch="false" hits="0"/>
            <line number="62" branch="false" hits="0"/>
            <line number="63" branch="false" hits="0"/>
            <line number="64" branch="false" hits="0"/>
            <line number="65" branch="false" hits="0"/>
            <line number="66" branch="false" hits="0"/>
            <line number="67" branch="false" hits="0"/>
            <line number="68" branch="false" hits="0"/>
            <line number="69" branch="false" hits="0"/>
            <line number="70" branch="false" hits="0"/>
            <line number="71" branch="false" hits="0"/>
            <line number="72" branch="false" hits="0"/>
            <line number="73" branch="false" hits="0"/>
            <line number="74" branch="false" hits="0"/>
            <line number="75" branch="false" hits="0"/>
            <line number="76" branch="false" hits="0"/>
            <line number="77" branch="false" hits="0"/>
            <line number="78" branch="false" hits="0"/>
            <line number="79" branch="false" hits="0"/>
          </lines>
        </class>
        <class name="VMNVideoMetadataFactory.m" filename="BentoLib/VMNVideoMetadataFactory.m" line-rate="0.0000000000000000" branch-rate="1.0000000000000000" complexity="0.0">
          <methods/>
          <lines>
            <line number="21" branch="false" hits="0"/>
            <line number="22" branch="false" hits="0"/>
            <line number="23" branch="false" hits="0"/>
            <line number="24" branch="false" hits="0"/>
            <line number="25" branch="false" hits="0"/>
            <line number="26" branch="false" hits="0"/>
            <line number="27" branch="false" hits="0"/>
            <line number="28" branch="false" hits="0"/>
            <line number="29" branch="false" hits="0"/>
            <line number="30" branch="false" hits="0"/>
            <line number="31" branch="false" hits="0"/>
            <line number="32" branch="false" hits="0"/>
            <line number="33" branch="false" hits="0"/>
            <line number="34" branch="false" hits="0"/>
            <line number="35" branch="false" hits="0"/>
            <line number="37" branch="false" hits="0"/>
            <line number="38" branch="false" hits="0"/>
            <line number="39" branch="false" hits="0"/>
            <line number="40" branch="false" hits="0"/>
            <line number="41" branch="false" hits="0"/>
            <line number="43" branch="false" hits="0"/>
            <line number="44" branch="false" hits="0"/>
            <line number="45" branch="false" hits="0"/>
            <line number="46" branch="false" hits="0"/>
            <line number="47" branch="false" hits="0"/>
            <line number="48" branch="false" hits="0"/>
            <line number="49" branch="false" hits="0"/>
            <line number="50" branch="false" hits="0"/>
            <line number="51" branch="false" hits="0"/>
            <line number="52" branch="false" hits="0"/>
            <line number="54" branch="false" hits="0"/>
            <line number="55" branch="false" hits="0"/>
            <line number="56" branch="false" hits="0"/>
            <line number="57" branch="false" hits="0"/>
            <line number="58" branch="false" hits="0"/>
            <line number="59" branch="false" hits="0"/>
            <line number="60" branch="false" hits="0"/>
            <line number="61" branch="false" hits="0"/>
            <line number="62" branch="false" hits="0"/>
            <line number="63" branch="false" hits="0"/>
            <line number="65" branch="false" hits="0"/>
            <line number="66" branch="false" hits="0"/>
            <line number="67" branch="false" hits="0"/>
            <line number="68" branch="false" hits="0"/>
            <line number="69" branch="false" hits="0"/>
            <line number="70" branch="false" hits="0"/>
            <line number="71" branch="false" hits="0"/>
            <line number="73" branch="false" hits="0"/>
            <line number="74" branch="false" hits="0"/>
            <line number="75" branch="false" hits="0"/>
            <line number="76" branch="false" hits="0"/>
            <line number="77" branch="false" hits="0"/>
            <line number="78" branch="false" hits="0"/>
            <line number="80" branch="false" hits="0"/>
            <line number="81" branch="false" hits="0"/>
            <line number="82" branch="false" hits="0"/>
            <line number="83" branch="false" hits="0"/>
            <line number="84" branch="false" hits="0"/>
            <line number="85" branch="false" hits="0"/>
            <line number="87" branch="false" hits="0"/>
            <line number="88" branch="false" hits="0"/>
            <line number="89" branch="false" hits="0"/>
            <line number="90" branch="false" hits="0"/>
            <line number="91" branch="false" hits="0"/>
            <line number="92" branch="false" hits="0"/>
            <line number="93" branch="false" hits="0"/>
            <line number="95" branch="false" hits="0"/>
            <line number="96" branch="false" hits="0"/>
            <line number="97" branch="false" hits="0"/>
            <line number="98" branch="false" hits="0"/>
            <line number="99" branch="false" hits="0"/>
            <line number="100" branch="false" hits="0"/>
            <line number="101" branch="false" hits="0"/>
            <line number="102" branch="false" hits="0"/>
            <line number="103" branch="false" hits="0"/>
            <line number="104" branch="false" hits="0"/>
            <line number="105" branch="false" hits="0"/>
            <line number="106" branch="false" hits="0"/>
            <line number="107" branch="false" hits="0"/>
            <line number="108" branch="false" hits="0"/>
            <line number="109" branch="false" hits="0"/>
            <line number="110" branch="false" hits="0"/>
            <line number="111" branch="false" hits="0"/>
            <line number="112" branch="false" hits="0"/>
            <line number="113" branch="false" hits="0"/>
            <line number="114" branch="false" hits="0"/>
            <line number="115" branch="false" hits="0"/>
            <line number="116" branch="false" hits="0"/>
            <line number="117" branch="false" hits="0"/>
            <line number="118" branch="false" hits="0"/>
            <line number="119" branch="false" hits="0"/>
            <line number="120" branch="false" hits="0"/>
            <line number="121" branch="false" hits="0"/>
            <line number="122" branch="false" hits="0"/>
          </lines>
        </class>
      </classes>
    </package>
  </packages>
</coverage>

